Test.obj : error LNK2019: 无法解析的外部符号 __imp_mathIntSegmCyl，该符号在函数 "public: void __cdecl CCAMDoc::OnTest(void)" (?OnTest@CCAMDoc@@QEAAXXZ) 中被引用
C:\Git\CAM625\CAM5_mmSTL625\x64\Debug\CAM.exe : fatal error LNK1120: 1 个无法解析的外部命令
